Project Informatione:\digital_logic_circuit_project\study\jk_ff_project\project.rpt

MAX+plus II Compiler Report File
Version 10.2 07/10/2002
Compiled: 06/11/2018 06:53:23

Copyright (C) 1988-2002 Altera Corporation
Any megafunction design, and related net list (encrypted or decrypted),
support information, device programming or simulation file, and any other
associated documentation or information provided by Altera or a partner
under Altera's Megafunction Partnership Program may be used only to
program PLD devices (but not masked PLD devices) from Altera.  Any other
use of such megafunction design, net list, support information, device
programming or simulation file, or any other related documentation or
information is prohibited for any other purpose, including, but not
limited to modification, reverse engineering, de-compiling, or use with
any other silicon devices, unless such use is explicitly licensed under
a separate agreement with Altera or a megafunction partner.  Title to
the intellectual property, including patents, copyrights, trademarks,
trade secrets, or maskworks, embodied in any such megafunction design,
net list, support information, device programming or simulation file, or
any other related documentation or information provided by Altera or a
megafunction partner, remains with Altera, the megafunction partner, or
their respective licensors.  No other licenses, including any licenses
needed under any third party's intellectual property, are provided herein.



***** Project compilation was successful




** DEVICE SUMMARY **

Chip/                     Input   Output   Bidir         Shareable
POF       Device          Pins    Pins     Pins     LCs  Expanders  % Utilized

project   EPM7032LC44-6    8        9        0      10      0           31 %

User Pins:                 8        9        0  



Project Informatione:\digital_logic_circuit_project\study\jk_ff_project\project.rpt

** PROJECT COMPILATION MESSAGES **

Warning: GLOBAL primitive on node 'On/Off' feeds logic -- non-global signal usage may result


Project Informatione:\digital_logic_circuit_project\study\jk_ff_project\project.rpt

** AUTO GLOBAL SIGNALS **



INFO: Signal 'CLK' chosen for auto global Clock
INFO: Signal 'On/Off' chosen for auto global Clear


Project Informatione:\digital_logic_circuit_project\study\jk_ff_project\project.rpt

** FILE HIERARCHY **



|7476:21|
|7476:22|
|7408:60|
|7408:58|
|7408:62|
|7408:37|
|7408:25|
|7411:63|
|7432:65|
|7432:64|
|7432:66|
|74157:208|


Device-Specific Information:e:\digital_logic_circuit_project\study\jk_ff_project\project.rpt
project

***** Logic for device 'project' compiled without errors.




Device: EPM7032LC44-6

Device Options:
    Turbo Bit                                    = ON
    Security Bit                                 = OFF

                                               
                                               
                             O           O  O  
                             n           R  R  
                             /           G  G  
                       V  G  O  G  C  G  _  _  
                    U  C  N  f  N  L  N  Q  Q  
              4  2  p  C  D  f  D  K  D  2  3  
            -----------------------------------_ 
          /   6  5  4  3  2  1 44 43 42 41 40   | 
       6 |  7                                39 | ORG_Q1 
    Down |  8                                38 | 4CLK 
  Rotate |  9                                37 | 6CLK 
     GND | 10                                36 | 2CLK 
RESERVED | 11                                35 | VCC 
RESERVED | 12         EPM7032LC44-6          34 | RESERVED 
RESERVED | 13                                33 | Q1 
RESERVED | 14                                32 | Q2 
     VCC | 15                                31 | Q3 
RESERVED | 16                                30 | GND 
RESERVED | 17                                29 | RESERVED 
         |_  18 19 20 21 22 23 24 25 26 27 28  _| 
           ------------------------------------ 
              R  R  R  R  G  V  R  R  R  R  R  
              E  E  E  E  N  C  E  E  E  E  E  
              S  S  S  S  D  C  S  S  S  S  S  
              E  E  E  E        E  E  E  E  E  
              R  R  R  R        R  R  R  R  R  
              V  V  V  V        V  V  V  V  V  
              E  E  E  E        E  E  E  E  E  
              D  D  D  D        D  D  D  D  D  


N.C. = No Connect. This pin has no internal connection to the device.
VCC = Dedicated power pin, which MUST be connected to VCC.
GND = Dedicated ground pin or unused dedicated input, which MUST be connected to GND.
RESERVED = Unused I/O pin, which MUST be left unconnected.



Device-Specific Information:e:\digital_logic_circuit_project\study\jk_ff_project\project.rpt
project

** RESOURCE USAGE **

                                                Shareable     External
Logic Array Block     Logic Cells   I/O Pins    Expanders   Interconnect

A:     LC1 - LC16     0/16(  0%)   6/16( 37%)   0/16(  0%)   0/36(  0%) 
B:    LC17 - LC32    10/16( 62%)   9/16( 56%)   0/16(  0%)  11/36( 30%) 


Total dedicated input pins used:                 2/4      ( 50%)
Total I/O pins used:                            15/32     ( 46%)
Total logic cells used:                         10/32     ( 31%)
Total shareable expanders used:                  0/32     (  0%)
Total Turbo logic cells used:                   10/32     ( 31%)
Total shareable expanders not available (n/a):   0/32     (  0%)
Average fan-in:                                  3.50
Total fan-in:                                    35

Total input pins required:                       8
Total output pins required:                      9
Total bidirectional pins required:               0
Total logic cells required:                     10
Total flipflops required:                        4
Total product terms required:                   20
Total logic cells lending parallel expanders:    0
Total shareable expanders in database:           0

Synthesized logic cells:                         0/  32   (  0%)



Device-Specific Information:e:\digital_logic_circuit_project\study\jk_ff_project\project.rpt
project

** INPUTS **

                                         Shareable
                                         Expanders     Fan-In    Fan-Out
 Pin     LC  LAB  Primitive    Code   Total Shared n/a INP  FBK  OUT  FBK  Name
  43      -   -       INPUT  G            0      0   0    0    0    0    0  CLK
   8    (5)  (A)      INPUT               0      0   0    0    0    3    0  Down
   1      -   -       INPUT  G            0      0   0    0    0    3    0  On/Off
   9    (6)  (A)      INPUT               0      0   0    0    0    0    1  Rotate
   4    (1)  (A)      INPUT               0      0   0    0    0    3    0  Up
   5    (2)  (A)      INPUT               0      0   0    0    0    2    0  2
   6    (3)  (A)      INPUT               0      0   0    0    0    2    0  4
   7    (4)  (A)      INPUT               0      0   0    0    0    2    0  6


Code:

s = Synthesized pin or logic cell
t = Turbo logic cell
+ = Synchronous flipflop
! = NOT gate push-back
r = Fitter-inserted logic cell
G = Global Source. Fan-out destinations counted here do not include destinations
that are driven using global routing resources. Refer to the Auto Global Signals,
Clock Signals, Clear Signals, Synchronous Load Signals, and Synchronous Clear Signals
Sections of this Report File for information on which signals' fan-outs are used as
Clock, Clear, Preset, Output Enable, and synchronous Load signals.


Device-Specific Information:e:\digital_logic_circuit_project\study\jk_ff_project\project.rpt
project

** OUTPUTS **

                                         Shareable
                                         Expanders     Fan-In    Fan-Out
 Pin     LC  LAB  Primitive    Code   Total Shared n/a INP  FBK  OUT  FBK  Name
  39     19    B         FF   +  t        0      0   0    3    3    3    0  ORG_Q1 (|7476:22|:8)
  41     17    B         FF   +  t        0      0   0    3    3    4    0  ORG_Q2 (|7476:21|:7)
  40     18    B         FF   +  t        0      0   0    3    2    4    0  ORG_Q3 (|7476:21|:8)
  33     24    B     OUTPUT      t        0      0   0    1    2    0    0  Q1
  32     25    B     OUTPUT      t        0      0   0    1    2    0    0  Q2
  31     26    B     OUTPUT      t        0      0   0    1    2    0    0  Q3
  36     22    B     OUTPUT      t        0      0   0    1    0    0    0  2CLK
  38     20    B     OUTPUT      t        0      0   0    1    0    0    0  4CLK
  37     21    B     OUTPUT      t        0      0   0    1    0    0    0  6CLK


Code:

s = Synthesized pin or logic cell
t = Turbo logic cell
+ = Synchronous flipflop
! = NOT gate push-back
r = Fitter-inserted logic cell


Device-Specific Information:e:\digital_logic_circuit_project\study\jk_ff_project\project.rpt
project

** BURIED LOGIC **

                                         Shareable
                                         Expanders     Fan-In    Fan-Out
 Pin     LC  LAB  Primitive    Code   Total Shared n/a INP  FBK  OUT  FBK  Name
 (34)    23    B       TFFE   +  t        0      0   0    1    0    3    0  |7476:22|2Q (|7476:22|:7)


Code:

s = Synthesized pin or logic cell
t = Turbo logic cell
+ = Synchronous flipflop
! = NOT gate push-back
r = Fitter-inserted logic cell


Device-Specific Information:e:\digital_logic_circuit_project\study\jk_ff_project\project.rpt
project

** LOGIC CELL INTERCONNECTIONS **

Logic Array Block 'B':

                             Logic cells placed in LAB 'B'
        +------------------- LC19 ORG_Q1
        | +----------------- LC17 ORG_Q2
        | | +--------------- LC18 ORG_Q3
        | | | +------------- LC24 Q1
        | | | | +----------- LC25 Q2
        | | | | | +--------- LC26 Q3
        | | | | | | +------- LC22 2CLK
        | | | | | | | +----- LC20 4CLK
        | | | | | | | | +--- LC21 6CLK
        | | | | | | | | | +- LC23 |7476:22|2Q
        | | | | | | | | | | 
        | | | | | | | | | |   Other LABs fed by signals
        | | | | | | | | | |   that feed LAB 'B'
LC      | | | | | | | | | | | A B |     Logic cells that feed LAB 'B':
LC19 -> * * - * - - - - - - | - * | <-- ORG_Q1
LC17 -> * * * - * - - - - - | - * | <-- ORG_Q2
LC18 -> * * * - - * - - - - | - * | <-- ORG_Q3
LC23 -> - - - * * * - - - * | - * | <-- |7476:22|2Q

Pin
43   -> - - - - - - - - - - | - - | <-- CLK
8    -> * * * - - - - - - - | - * | <-- Down
1    -> * * * - - - - - - - | - * | <-- On/Off
9    -> - - - - - - - - - * | - * | <-- Rotate
4    -> * * * - - - - - - - | - * | <-- Up
5    -> - - - - - * * - - - | - * | <-- 2
6    -> - - - - * - - * - - | - * | <-- 4
7    -> - - - * - - - - * - | - * | <-- 6


* = The logic cell or pin is an input to the logic cell (or LAB) through the PIA.
- = The logic cell or pin is not an input to the logic cell (or LAB).


Device-Specific Information:e:\digital_logic_circuit_project\study\jk_ff_project\project.rpt
project

** EQUATIONS **

CLK      : INPUT;
Down     : INPUT;
On/Off   : INPUT;
Rotate   : INPUT;
Up       : INPUT;
2        : INPUT;
4        : INPUT;
6        : INPUT;

-- Node name is 'ORG_Q1' = '|7476:22|1Q' 
-- Equation name is 'ORG_Q1', type is output 
 ORG_Q1  = TFFE( _EQ001, GLOBAL( CLK), GLOBAL( On/Off),  VCC,  VCC);
  _EQ001 =  On/Off & !ORG_Q2 & !ORG_Q3 &  Up
         #  On/Off &  ORG_Q1 &  Up
         #  Down &  ORG_Q2
         #  Down &  ORG_Q1;

-- Node name is 'ORG_Q2' = '|7476:21|2Q' 
-- Equation name is 'ORG_Q2', type is output 
 ORG_Q2  = TFFE( _EQ002, GLOBAL( CLK), GLOBAL( On/Off),  VCC,  VCC);
  _EQ002 =  On/Off &  ORG_Q1 &  Up
         #  On/Off &  ORG_Q2 &  Up
         #  Down &  ORG_Q3
         #  Down &  ORG_Q2;

-- Node name is 'ORG_Q3' = '|7476:21|1Q' 
-- Equation name is 'ORG_Q3', type is output 
 ORG_Q3  = TFFE( _EQ003, GLOBAL( CLK), GLOBAL( On/Off),  VCC,  VCC);
  _EQ003 =  On/Off &  ORG_Q2 & !ORG_Q3 &  Up
         #  Down &  ORG_Q3;

-- Node name is 'Q1' 
-- Equation name is 'Q1', location is LC024, type is output.
 Q1      = LCELL( _EQ004 $  ORG_Q1);
  _EQ004 =  _LC023 &  ORG_Q1 & !6;

-- Node name is 'Q2' 
-- Equation name is 'Q2', location is LC025, type is output.
 Q2      = LCELL( _EQ005 $  ORG_Q2);
  _EQ005 =  _LC023 &  ORG_Q2 & !4;

-- Node name is 'Q3' 
-- Equation name is 'Q3', location is LC026, type is output.
 Q3      = LCELL( _EQ006 $  ORG_Q3);
  _EQ006 =  _LC023 &  ORG_Q3 & !2;

-- Node name is '2CLK' 
-- Equation name is '2CLK', location is LC022, type is output.
 2CLK    = LCELL( 2 $  GND);

-- Node name is '4CLK' 
-- Equation name is '4CLK', location is LC020, type is output.
 4CLK    = LCELL( 4 $  GND);

-- Node name is '6CLK' 
-- Equation name is '6CLK', location is LC021, type is output.
 6CLK    = LCELL( 6 $  GND);

-- Node name is '|7476:22|:7' = '|7476:22|2Q' 
-- Equation name is '_LC023', type is buried 
_LC023   = TFFE( Rotate, GLOBAL( CLK),  VCC,  VCC,  VCC);



--     Shareable expanders that are duplicated in multiple LABs:
--     (none)




Project Informatione:\digital_logic_circuit_project\study\jk_ff_project\project.rpt

** COMPILATION SETTINGS & TIMES **

Processing Menu Commands
------------------------

Design Doctor                             = off

Logic Synthesis:

   Synthesis Type Used                    = Standard

   Default Synthesis Style                = NORMAL

      Logic option settings in 'NORMAL' style for 'MAX7000' family

      DECOMPOSE_GATES                     = on
      DUPLICATE_LOGIC_EXTRACTION          = on
      MINIMIZATION                        = full
      MULTI_LEVEL_FACTORING               = on
      NOT_GATE_PUSH_BACK                  = on
      PARALLEL_EXPANDERS                  = off
      REDUCE_LOGIC                        = on
      REFACTORIZATION                     = on
      REGISTER_OPTIMIZATION               = on
      RESYNTHESIZE_NETWORK                = on
      SLOW_SLEW_RATE                      = off
      SOFT_BUFFER_INSERTION               = on
      SUBFACTOR_EXTRACTION                = on
      TURBO_BIT                           = on
      XOR_SYNTHESIS                       = on
      IGNORE_SOFT_BUFFERS                 = off
      USE_LPM_FOR_AHDL_OPERATORS          = off

   Other logic synthesis settings:

      Automatic Global Clock              = on
      Automatic Global Clear              = on
      Automatic Global Preset             = on
      Automatic Global Output Enable      = on
      Automatic Fast I/O                  = off
      Automatic Register Packing          = off
      Automatic Open-Drain Pins           = on
      Automatic Implement in EAB          = off
      One-Hot State Machine Encoding      = off
      Optimize                            = 5

Default Timing Specifications: None

Cut All Bidir Feedback Timing Paths       = on
Cut All Clear & Preset Timing Paths       = on

Ignore Timing Assignments                 = on

Functional SNF Extractor                  = off

Linked SNF Extractor                      = off
Timing SNF Extractor                      = on
Optimize Timing SNF                       = off
Generate AHDL TDO File                    = off
Fitter Settings                           = NORMAL
Smart Recompile                           = off
Total Recompile                           = off

Interfaces Menu Commands
------------------------

EDIF Netlist Writer                       = off
Verilog Netlist Writer                    = off
VHDL Netlist Writer                       = off

Compilation Times
-----------------

   Compiler Netlist Extractor             00:00:00
   Database Builder                       00:00:00
   Logic Synthesizer                      00:00:00
   Partitioner                            00:00:00
   Fitter                                 00:00:00
   Timing SNF Extractor                   00:00:00
   Assembler                              00:00:00
   --------------------------             --------
   Total Time                             00:00:00


Memory Allocated
-----------------

Peak memory allocated during compilation  = 3,218K
